0 info it worked if it ends with ok
1 verbose cli [ 'C:\\Program Files\\nodejs\\node.exe',
1 verbose cli   'C:\\Program Files\\nodejs\\node_modules\\npm\\bin\\npm-cli.js',
1 verbose cli   'run',
1 verbose cli   'ionic:serve',
1 verbose cli   '--',
1 verbose cli   '--lab' ]
2 info using npm@3.10.8
3 info using node@v6.9.1
4 verbose run-script [ 'preionic:serve', 'ionic:serve', 'postionic:serve' ]
5 info lifecycle AbranchesDev@~preionic:serve: AbranchesDev@
6 silly lifecycle AbranchesDev@~preionic:serve: no script for preionic:serve, continuing
7 info lifecycle AbranchesDev@~ionic:serve: AbranchesDev@
8 verbose lifecycle AbranchesDev@~ionic:serve: unsafe-perm in lifecycle true
9 verbose lifecycle AbranchesDev@~ionic:serve: PATH: C:\Program Files\nodejs\node_modules\npm\bin\node-gyp-bin;C:\Users\joao\Desktop\Abranches\IONIC APPS\AbranchesDev App\AbranchesDev\node_modules\.bin;C:\ProgramData\Oracle\Java\javapath;C:\Program Files (x86)\CollabNet;C:\Program Files (x86)\Embarcadero\RAD Studio\9.0\bin;C:\Users\Public\Documents\RAD Studio\9.0\Bpl;C:\Program Files (x86)\Embarcadero\RAD Studio\9.0\bin64;C:\Users\Public\Documents\RAD Studio\9.0\Bpl\Win64;C:\Windows\system32;C:\Windows;C:\Windows\System32\Wbem;C:\Windows\System32\WindowsPowerShell\v1.0\;C:\Program Files\TortoiseSVN\bin;C:\Program Files\Sybase\SQL Anywhere 9\win32;C:\Program Files\Sybase\Shared\win32;C:\Program Files\Sybase\SQL Anywhere 9\drivers;C:\Program Files\Sybase\Shared\Sybase Central 4.3\win32;C:\Program Files (x86)\Skype\Phone\;C:\xampp\php;C:\ProgramData\ComposerSetup\bin;C:\Program Files\nodejs\;C:\Program Files\Git\cmd;C:\RailsInstaller\Git\cmd;C:\RailsInstaller\Ruby2.2.0\bin;C:\Users\joao\AppData\Local\Programs\Python\Python35\Scripts\;C:\Users\joao\AppData\Local\Programs\Python\Python35\;C:\Users\joao\AppData\Roaming\Composer\vendor\bin;C:\Users\joao\AppData\Roaming\npm;C:\Users\joao\AppData\Local\atom\bin
10 verbose lifecycle AbranchesDev@~ionic:serve: CWD: C:\Users\joao\Desktop\Abranches\IONIC APPS\AbranchesDev App\AbranchesDev
11 silly lifecycle AbranchesDev@~ionic:serve: Args: [ '/d /s /c', 'ionic-app-scripts serve "--lab"' ]
12 silly lifecycle AbranchesDev@~ionic:serve: Returned: code: 3221225786  signal: null
13 info lifecycle AbranchesDev@~ionic:serve: Failed to exec ionic:serve script
14 verbose stack Error: AbranchesDev@ ionic:serve: `ionic-app-scripts serve "--lab"`
14 verbose stack Exit status 3221225786
14 verbose stack     at EventEmitter.<anonymous> (C:\Program Files\nodejs\node_modules\npm\lib\utils\lifecycle.js:255:16)
14 verbose stack     at emitTwo (events.js:106:13)
14 verbose stack     at EventEmitter.emit (events.js:191:7)
14 verbose stack     at ChildProcess.<anonymous> (C:\Program Files\nodejs\node_modules\npm\lib\utils\spawn.js:40:14)
14 verbose stack     at emitTwo (events.js:106:13)
14 verbose stack     at ChildProcess.emit (events.js:191:7)
14 verbose stack     at maybeClose (internal/child_process.js:877:16)
14 verbose stack     at Process.ChildProcess._handle.onexit (internal/child_process.js:226:5)
15 verbose pkgid AbranchesDev@
16 verbose cwd C:\Users\joao\Desktop\Abranches\IONIC APPS\AbranchesDev App\AbranchesDev
17 error Windows_NT 6.3.9600
18 error argv "C:\\Program Files\\nodejs\\node.exe" "C:\\Program Files\\nodejs\\node_modules\\npm\\bin\\npm-cli.js" "run" "ionic:serve" "--" "--lab"
19 error node v6.9.1
20 error npm  v3.10.8
21 error code ELIFECYCLE
22 error AbranchesDev@ ionic:serve: `ionic-app-scripts serve "--lab"`
22 error Exit status 3221225786
23 error Failed at the AbranchesDev@ ionic:serve script 'ionic-app-scripts serve "--lab"'.
23 error Make sure you have the latest version of node.js and npm installed.
23 error If you do, this is most likely a problem with the AbranchesDev package,
23 error not with npm itself.
23 error Tell the author that this fails on your system:
23 error     ionic-app-scripts serve "--lab"
23 error You can get information on how to open an issue for this project with:
23 error     npm bugs AbranchesDev
23 error Or if that isn't available, you can get their info via:
23 error     npm owner ls AbranchesDev
23 error There is likely additional logging output above.
24 verbose exit [ 1, true ]
